2020-03-31 13:51:52.650  INFO 26116 --- [restartedMain] com.koi.order.OrderApplication           : Starting OrderApplication on fitz.bai with PID 26116 (/Users/fitz.bai/order/target/classes started by fitz.bai in /Users/fitz.bai/order)
2020-03-31 13:51:52.653  INFO 26116 --- [restartedMain] com.koi.order.OrderApplication           : No active profile set, falling back to default profiles: default
2020-03-31 13:51:52.837  INFO 26116 --- [restartedMain] ConfigServletWebServerApplicationContext : Refreshing org.springframework.boot.web.servlet.context.AnnotationConfigServletWebServerApplicationContext@59fe9f21: startup date [Tue Mar 31 13:51:52 CST 2020]; root of context hierarchy
2020-03-31 13:51:58.182  INFO 26116 --- [restartedMain] o.s.b.w.embedded.tomcat.TomcatWebServer  : Tomcat initialized with port(s): 8090 (http)
2020-03-31 13:51:58.211  INFO 26116 --- [restartedMain] o.apache.catalina.core.StandardService   : Starting service [Tomcat]
2020-03-31 13:51:58.214  INFO 26116 --- [restartedMain] org.apache.catalina.core.StandardEngine  : Starting Servlet Engine: Apache Tomcat/8.5.32
2020-03-31 13:51:58.219  INFO 26116 --- [localhost-startStop-1] o.a.catalina.core.AprLifecycleListener   : The APR based Apache Tomcat Native library which allows optimal performance in production environments was not found on the java.library.path: [/Users/fitz.bai/Library/Java/Extensions:/Library/Java/Extensions:/Network/Library/Java/Extensions:/System/Library/Java/Extensions:/usr/lib/java:.]
2020-03-31 13:51:58.328  INFO 26116 --- [localhost-startStop-1] o.a.c.c.C.[Tomcat].[localhost].[/]       : Initializing Spring embedded WebApplicationContext
2020-03-31 13:51:58.328  INFO 26116 --- [localhost-startStop-1] o.s.web.context.ContextLoader            : Root WebApplicationContext: initialization completed in 5491 ms
2020-03-31 13:51:58.522  INFO 26116 --- [localhost-startStop-1] o.s.b.w.servlet.ServletRegistrationBean  : Servlet dispatcherServlet mapped to [/]
2020-03-31 13:51:58.528  INFO 26116 --- [localhost-startStop-1] o.s.b.w.servlet.FilterRegistrationBean   : Mapping filter: 'characterEncodingFilter' to: [/*]
2020-03-31 13:51:58.529  INFO 26116 --- [localhost-startStop-1] o.s.b.w.servlet.FilterRegistrationBean   : Mapping filter: 'hiddenHttpMethodFilter' to: [/*]
2020-03-31 13:51:58.529  INFO 26116 --- [localhost-startStop-1] o.s.b.w.servlet.FilterRegistrationBean   : Mapping filter: 'httpPutFormContentFilter' to: [/*]
2020-03-31 13:51:58.529  INFO 26116 --- [localhost-startStop-1] o.s.b.w.servlet.FilterRegistrationBean   : Mapping filter: 'requestContextFilter' to: [/*]
2020-03-31 13:51:59.083  INFO 26116 --- [restartedMain] o.s.w.s.handler.SimpleUrlHandlerMapping  : Mapped URL path [/**/favicon.ico] onto handler of type [class org.springframework.web.servlet.resource.ResourceHttpRequestHandler]
2020-03-31 13:51:59.448  INFO 26116 --- [restartedMain] s.w.s.m.m.a.RequestMappingHandlerAdapter : Looking for @ControllerAdvice: org.springframework.boot.web.servlet.context.AnnotationConfigServletWebServerApplicationContext@59fe9f21: startup date [Tue Mar 31 13:51:52 CST 2020]; root of context hierarchy
2020-03-31 13:51:59.550  INFO 26116 --- [restartedMain] s.w.s.m.m.a.RequestMappingHandlerMapping : Mapped "{[/get],methods=[POST]}" onto public com.koi.order.entityy.response.MarketDataResponse com.koi.order.controller.controleer.get(com.koi.order.entityy.request.OrderStatusRequest) throws java.lang.Exception
2020-03-31 13:51:59.551  INFO 26116 --- [restartedMain] s.w.s.m.m.a.RequestMappingHandlerMapping : Mapped "{[/create],methods=[POST]}" onto public com.koi.order.entityy.response.OrderSingleResponse com.koi.order.controller.controleer.create(com.koi.order.entityy.request.OrderSingleRequest) throws java.lang.Exception
2020-03-31 13:51:59.551  INFO 26116 --- [restartedMain] s.w.s.m.m.a.RequestMappingHandlerMapping : Mapped "{[/quote],methods=[POST]}" onto public com.koi.order.entityy.response.OrderStatusResponse com.koi.order.controller.controleer.quote(com.koi.order.entityy.request.MarketDataRequest) throws java.lang.Exception
2020-03-31 13:51:59.555  INFO 26116 --- [restartedMain] s.w.s.m.m.a.RequestMappingHandlerMapping : Mapped "{[/error]}" onto public org.springframework.http.ResponseEntity<java.util.Map<java.lang.String, java.lang.Object>> org.springframework.boot.autoconfigure.web.servlet.error.BasicErrorController.error(javax.servlet.http.HttpServletRequest)
2020-03-31 13:51:59.556  INFO 26116 --- [restartedMain] s.w.s.m.m.a.RequestMappingHandlerMapping : Mapped "{[/error],produces=[text/html]}" onto public org.springframework.web.servlet.ModelAndView org.springframework.boot.autoconfigure.web.servlet.error.BasicErrorController.errorHtml(javax.servlet.http.HttpServletRequest,javax.servlet.http.HttpServletResponse)
2020-03-31 13:51:59.583  INFO 26116 --- [restartedMain] o.s.w.s.h.BeanNameUrlHandlerMapping      : Mapped URL path [/api/v1] onto handler '/api/v1'
2020-03-31 13:51:59.590  INFO 26116 --- [restartedMain] o.s.w.s.handler.SimpleUrlHandlerMapping  : Mapped URL path [/webjars/**] onto handler of type [class org.springframework.web.servlet.resource.ResourceHttpRequestHandler]
2020-03-31 13:51:59.591  INFO 26116 --- [restartedMain] o.s.w.s.handler.SimpleUrlHandlerMapping  : Mapped URL path [/**] onto handler of type [class org.springframework.web.servlet.resource.ResourceHttpRequestHandler]
2020-03-31 13:51:59.616  INFO 26116 --- [restartedMain] .m.m.a.ExceptionHandlerExceptionResolver : Detected @ExceptionHandler methods in topWebExceptionHandler
2020-03-31 13:52:00.044  INFO 26116 --- [restartedMain] o.s.b.d.a.OptionalLiveReloadServer       : LiveReload server is running on port 35729
2020-03-31 13:52:00.145  INFO 26116 --- [restartedMain] o.s.j.e.a.AnnotationMBeanExporter        : Registering beans for JMX exposure on startup
2020-03-31 13:52:00.266  INFO 26116 --- [restartedMain] o.s.b.w.embedded.tomcat.TomcatWebServer  : Tomcat started on port(s): 8090 (http) with context path ''
2020-03-31 13:52:00.269  INFO 26116 --- [restartedMain] com.koi.order.aop.LogRequestInterceptor  : org.springframework.boot.web.servlet.context.ServletWebServerInitializedEvent[source=org.springframework.boot.web.embedded.tomcat.TomcatWebServer@18f3827e]
2020-03-31 13:52:00.281  INFO 26116 --- [restartedMain] com.koi.order.OrderApplication           : Started OrderApplication in 8.425 seconds (JVM running for 9.218)
2020-03-31 13:52:34.005  INFO 26116 --- [Thread-25] ConfigServletWebServerApplicationContext : Closing org.springframework.boot.web.servlet.context.AnnotationConfigServletWebServerApplicationContext@59fe9f21: startup date [Tue Mar 31 13:51:52 CST 2020]; root of context hierarchy
2020-03-31 13:52:34.009  INFO 26116 --- [Thread-25] o.s.j.e.a.AnnotationMBeanExporter        : Unregistering JMX-exposed beans on shutdown
